nohup: ignoring input

  .   ____          _            __ _ _
 /\\ / ___'_ __ _ _(_)_ __  __ _ \ \ \ \
( ( )\___ | '_ | '_| | '_ \/ _` | \ \ \ \
 \\/  ___)| |_)| | | | | || (_| |  ) ) ) )
  '  |____| .__|_| |_|_| |_\__, | / / / /
 =========|_|==============|___/=/_/_/_/
 :: Spring Boot ::                (v3.2.5)

2025-09-23T13:44:33.466Z  INFO 8110 --- [           main] com.example.HelloDevopsApplication       : Starting HelloDevopsApplication v1.0-SNAPSHOT using Java 21.0.8 with PID 8110 (/root/test_project_1/target/hello-devops-1.0-SNAPSHOT.jar started by root in /root/test_project_1)
2025-09-23T13:44:33.476Z  INFO 8110 --- [           main] com.example.HelloDevopsApplication       : No active profile set, falling back to 1 default profile: "default"
2025-09-23T13:44:38.951Z  INFO 8110 --- [           main] o.s.b.w.embedded.tomcat.TomcatWebServer  : Tomcat initialized with port 9090 (http)
2025-09-23T13:44:39.022Z  INFO 8110 --- [           main] o.apache.catalina.core.StandardService   : Starting service [Tomcat]
2025-09-23T13:44:39.025Z  INFO 8110 --- [           main] o.apache.catalina.core.StandardEngine    : Starting Servlet engine: [Apache Tomcat/10.1.20]
2025-09-23T13:44:39.796Z  INFO 8110 --- [           main] o.a.c.c.C.[Tomcat].[localhost].[/]       : Initializing Spring embedded WebApplicationContext
2025-09-23T13:44:39.801Z  INFO 8110 --- [           main] w.s.c.ServletWebServerApplicationContext : Root WebApplicationContext: initialization completed in 6038 ms
2025-09-23T13:44:42.562Z  INFO 8110 --- [           main] o.s.b.w.embedded.tomcat.TomcatWebServer  : Tomcat started on port 9090 (http) with context path ''
2025-09-23T13:44:42.650Z  INFO 8110 --- [           main] com.example.HelloDevopsApplication       : Started HelloDevopsApplication in 11.536 seconds (process running for 14.394)
2025-09-23T13:44:47.572Z  INFO 8110 --- [nio-9090-exec-1] o.a.c.c.C.[Tomcat].[localhost].[/]       : Initializing Spring DispatcherServlet 'dispatcherServlet'
2025-09-23T13:44:47.573Z  INFO 8110 --- [nio-9090-exec-1] o.s.web.servlet.DispatcherServlet        : Initializing Servlet 'dispatcherServlet'
2025-09-23T13:44:47.580Z  INFO 8110 --- [nio-9090-exec-1] o.s.web.servlet.DispatcherServlet        : Completed initialization in 7 ms
